BcastRecSinBcastStatReg/app/build/intermediates/manifest_merge_blame_file/debug/manifest-merger-blame-debug-report.txt
1<?xml version="1.0" encoding="utf-8"?>
2<manifest xmlns:android="http://schemas.android.com/apk/res/android"
3    package="course.examples.broadcastreceiver.singlebroadcaststaticregistration" >
4
5    <uses-sdk
6        android:minSdkVersion="21"
6-->src\main\AndroidManifest.xml
7        android:targetSdkVersion="29" />
7-->src\main\AndroidManifest.xml
8
9    <uses-permission android:name="android.permission.VIBRATE" />
9-->src\main\AndroidManifest.xml:5:4-65
9-->src\main\AndroidManifest.xml:5:21-62
10
11    <application
11-->src\main\AndroidManifest.xml:7:5-30:19
12        android:allowBackup="false"
12-->src\main\AndroidManifest.xml:8:9-36
13        android:debuggable="true"
14        android:icon="@mipmap/ic_launcher"
14-->src\main\AndroidManifest.xml:9:9-43
15        android:label="@string/app_name"
15-->src\main\AndroidManifest.xml:10:9-41
16        android:testOnly="true"
17        android:theme="@style/MaterialTheme" >
17-->src\main\AndroidManifest.xml:11:9-45
18        <activity
18-->src\main\AndroidManifest.xml:12:9-20:20
19            android:name="course.examples.broadcastreceiver.singlebroadcaststaticregistration.SimpleBroadcastActivity"
19-->src\main\AndroidManifest.xml:13:13-52
20            android:label="@string/app_name" >
20-->src\main\AndroidManifest.xml:14:13-45
21            <intent-filter>
21-->src\main\AndroidManifest.xml:15:13-19:29
22                <action android:name="android.intent.action.MAIN" />
22-->src\main\AndroidManifest.xml:16:17-69
22-->src\main\AndroidManifest.xml:16:25-66
23
24                <category android:name="android.intent.category.LAUNCHER" />
24-->src\main\AndroidManifest.xml:18:17-77
24-->src\main\AndroidManifest.xml:18:27-74
25            </intent-filter>
26        </activity>
27
28        <receiver
28-->src\main\AndroidManifest.xml:22:9-29:20
29            android:name="course.examples.broadcastreceiver.singlebroadcaststaticregistration.Receiver"
29-->src\main\AndroidManifest.xml:23:13-37
30            android:exported="false"
30-->src\main\AndroidManifest.xml:24:13-37
31            android:permission="android.permission.VIBRATE" >
31-->src\main\AndroidManifest.xml:25:13-60
32            <intent-filter>
32-->src\main\AndroidManifest.xml:26:13-28:29
33                <action android:name="course.examples.broadcastreceiver.singlebroadcaststaticregistration.SHOW_TOAST" />
33-->src\main\AndroidManifest.xml:27:17-121
33-->src\main\AndroidManifest.xml:27:25-118
34            </intent-filter>
35        </receiver>
36    </application>
37
38</manifest>